["Start"]
["onInitialize",{"capabilities":{"textDocument":{"codeAction":{"codeActionLiteralSupport":{"codeActionKind":{"valueSet":["*"]}}},"completion":{"completionItem":{"commitCharacterSupport":true,"snippetSupport":true},"completionItemKind":{"valueSet":[1,2,3,4,5,6,7,8,9,10,11,12,13,14,15,16,17,18,19,20,21,22,23,24,25]},"dynamicRegistration":true},"definition":{"dynamicRegistration":true},"documentHighlight":{"dynamicRegistration":true},"documentSymbol":{"hierarchicalDocumentSymbolSupport":true,"symbolKind":{"valueSet":[1,2,3,4,5,6,7,8,9,10,11,12,13,14,15,16,17,18,19,20,21,22,23,24,25,26]}},"formatting":{"dynamicRegistration":true},"hover":{"contentFormat":["markdown","plaintext"],"dynamicRegistration":true},"implementation":{"dynamicRegistration":true},"onTypeFormatting":{"dynamicRegistration":true},"rangeFormatting":{"dynamicRegistration":true},"references":{"dynamicRegistration":true},"rename":{"dynamicRegistration":true,"prepareSupport":true},"semanticHighlightingCapabilities":{"semanticHighlighting":true},"semanticTokens":{"dynamicRegistration":true,"formats":["relative"],"requests":{"full":{"delta":true}},"tokenModifiers":["declaration","definition"],"tokenTypes":["type","class","enumMember","typeParameter","parameter","variable","function","macro","keyword","comment","string","number","operator"]},"signatureHelp":{"dynamicRegistration":true,"signatureInformation":{"activeParameterSupport":true,"documentationFormat":["markdown","plaintext"]}},"synchronization":{"didSave":true,"dynamicRegistration":true,"willSave":true,"willSaveWaitUntil":false},"typeDefinition":{"dynamicRegistration":true}},"window":{"workDoneProgress":true},"workspace":{"applyEdit":true,"configuration":true,"didChangeConfiguration":{"dynamicRegistration":true},"executeCommand":{"dynamicRegistration":true},"semanticTokens":{"refreshSupport":true},"workspaceFolders":true}},"initializationOptions":{},"processId":12773,"rootUri":null,"trace":"off"}]
["onInitialized",{}]
["did change content",{"document":{"_uri":"file:///home/borys/projects/node/lsp-sample/test.km2","_languageId":"","_version":0,"_content":"fgfgfgfgfgfggggggggggg\nnamespace aaaaa {\n\n\nprintf = (format string, args ...) u32;\n\npow = (a f64, b f64) f64;\n\nprint = (num f64) {\n\tprintf('gogadoda: %f\\n', pow(num, 2.));\n};\n\nfn fgfg\n\n\nprint(444.);  fgfg\n\nprint2(56.);\n\n}\n"}}]
["getDocumentSettings","file:///home/borys/projects/node/lsp-sample/test.km2"]
["SemanticTokensRequest.type",{"textDocument":{"uri":"file:///home/borys/projects/node/lsp-sample/test.km2"}}]
["onDocumentHighlight",{"position":{"character":0,"line":0},"textDocument":{"uri":"file:///home/borys/projects/node/lsp-sample/test.km2"}}]
["onDocumentHighlight",{"position":{"character":0,"line":11},"textDocument":{"uri":"file:///home/borys/projects/node/lsp-sample/test.km2"}}]
["onDocumentHighlight",{"position":{"character":7,"line":12},"textDocument":{"uri":"file:///home/borys/projects/node/lsp-sample/test.km2"}}]
["onDocumentHighlight",{"position":{"character":13,"line":0},"textDocument":{"uri":"file:///home/borys/projects/node/lsp-sample/test.km2"}}]
["onDocumentHighlight",{"position":{"character":20,"line":0},"textDocument":{"uri":"file:///home/borys/projects/node/lsp-sample/test.km2"}}]
["onDocumentHighlight",{"position":{"character":0,"line":2},"textDocument":{"uri":"file:///home/borys/projects/node/lsp-sample/test.km2"}}]
["onDocumentHighlight",{"position":{"character":18,"line":4},"textDocument":{"uri":"file:///home/borys/projects/node/lsp-sample/test.km2"}}]
["onDocumentHighlight",{"position":{"character":0,"line":7},"textDocument":{"uri":"file:///home/borys/projects/node/lsp-sample/test.km2"}}]
["onDocumentHighlight",{"position":{"character":7,"line":12},"textDocument":{"uri":"file:///home/borys/projects/node/lsp-sample/test.km2"}}]
["onDocumentHighlight",{"position":{"character":0,"line":16},"textDocument":{"uri":"file:///home/borys/projects/node/lsp-sample/test.km2"}}]
["onDocumentHighlight",{"position":{"character":0,"line":18},"textDocument":{"uri":"file:///home/borys/projects/node/lsp-sample/test.km2"}}]
["onDocumentHighlight",{"position":{"character":0,"line":20},"textDocument":{"uri":"file:///home/borys/projects/node/lsp-sample/test.km2"}}]
["onDocumentHighlight",{"position":{"character":0,"line":13},"textDocument":{"uri":"file:///home/borys/projects/node/lsp-sample/test.km2"}}]
["onDocumentHighlight",{"position":{"character":7,"line":12},"textDocument":{"uri":"file:///home/borys/projects/node/lsp-sample/test.km2"}}]
["onDocumentHighlight",{"position":{"character":0,"line":11},"textDocument":{"uri":"file:///home/borys/projects/node/lsp-sample/test.km2"}}]
["onDocumentHighlight",{"position":{"character":2,"line":10},"textDocument":{"uri":"file:///home/borys/projects/node/lsp-sample/test.km2"}}]
["onDocumentHighlight",{"position":{"character":0,"line":11},"textDocument":{"uri":"file:///home/borys/projects/node/lsp-sample/test.km2"}}]
["onDocumentHighlight",{"position":{"character":2,"line":10},"textDocument":{"uri":"file:///home/borys/projects/node/lsp-sample/test.km2"}}]
["onDidClose",{"document":{"_uri":"file:///home/borys/projects/node/lsp-sample/test.km2","_languageId":"","_version":0,"_content":"fgfgfgfgfgfggggggggggg\nnamespace aaaaa {\n\n\nprintf = (format string, args ...) u32;\n\npow = (a f64, b f64) f64;\n\nprint = (num f64) {\n\tprintf('gogadoda: %f\\n', pow(num, 2.));\n};\n\nfn fgfg\n\n\nprint(444.);  fgfg\n\nprint2(56.);\n\n}\n"}}]
["Start"]
["onInitialize",{"capabilities":{"textDocument":{"codeAction":{"codeActionLiteralSupport":{"codeActionKind":{"valueSet":["*"]}}},"completion":{"completionItem":{"commitCharacterSupport":true,"snippetSupport":true},"completionItemKind":{"valueSet":[1,2,3,4,5,6,7,8,9,10,11,12,13,14,15,16,17,18,19,20,21,22,23,24,25]},"dynamicRegistration":true},"definition":{"dynamicRegistration":true},"documentHighlight":{"dynamicRegistration":true},"documentSymbol":{"hierarchicalDocumentSymbolSupport":true,"symbolKind":{"valueSet":[1,2,3,4,5,6,7,8,9,10,11,12,13,14,15,16,17,18,19,20,21,22,23,24,25,26]}},"formatting":{"dynamicRegistration":true},"hover":{"contentFormat":["markdown","plaintext"],"dynamicRegistration":true},"implementation":{"dynamicRegistration":true},"onTypeFormatting":{"dynamicRegistration":true},"rangeFormatting":{"dynamicRegistration":true},"references":{"dynamicRegistration":true},"rename":{"dynamicRegistration":true,"prepareSupport":true},"semanticHighlightingCapabilities":{"semanticHighlighting":true},"semanticTokens":{"dynamicRegistration":true,"formats":["relative"],"requests":{"full":{"delta":true}},"tokenModifiers":["declaration","definition"],"tokenTypes":["type","class","enumMember","typeParameter","parameter","variable","function","macro","keyword","comment","string","number","operator"]},"signatureHelp":{"dynamicRegistration":true,"signatureInformation":{"activeParameterSupport":true,"documentationFormat":["markdown","plaintext"]}},"synchronization":{"didSave":true,"dynamicRegistration":true,"willSave":true,"willSaveWaitUntil":false},"typeDefinition":{"dynamicRegistration":true}},"window":{"workDoneProgress":true},"workspace":{"applyEdit":true,"configuration":true,"didChangeConfiguration":{"dynamicRegistration":true},"executeCommand":{"dynamicRegistration":true},"semanticTokens":{"refreshSupport":true},"workspaceFolders":true}},"initializationOptions":{},"processId":13427,"rootUri":null,"trace":"off"}]
["onInitialized",{}]
["did change content",{"document":{"_uri":"file:///home/borys/projects/node/lsp-sample/test.km2","_languageId":"","_version":0,"_content":"fgfgfgfgfgfggggggggggg\nnamespace aaaaa {\n\n\nprintf = (format string, args ...) u32;\n\npow = (a f64, b f64) f64;\n\nprint = (num f64) {\n\tprintf('gogadoda: %f\\n', pow(num, 2.));\n};\n\nfn fgfg\n\n\nprint(444.);  fgfg\n\nprint2(56.);\n\n}\n"}}]
["getDocumentSettings","file:///home/borys/projects/node/lsp-sample/test.km2"]
["SemanticTokensRequest.type",{"textDocument":{"uri":"file:///home/borys/projects/node/lsp-sample/test.km2"}}]
["onDocumentHighlight",{"position":{"character":0,"line":0},"textDocument":{"uri":"file:///home/borys/projects/node/lsp-sample/test.km2"}}]
["onDocumentHighlight",{"position":{"character":0,"line":13},"textDocument":{"uri":"file:///home/borys/projects/node/lsp-sample/test.km2"}}]
["did change content",{"document":{"_uri":"file:///home/borys/projects/node/lsp-sample/test.km2","_languageId":"","_version":3,"_content":"fgfgfgfgfgfggggggggggg\nnamespace aaaaa {\n\n\nprintf = (format string, args ...) u32;\n\npow = (a f64, b f64) f64;\n\nprint = (num f64) {\n\tprintf('gogadoda: %f\\n', pow(num, 2.));\n};\n\nfn fgfg\n\nfn\n\nprint(444.);  fgfg\n\nprint2(56.);\n\n}\n","_lineOffsets":[0,23,41,42,43,83,84,110,111,131,172,175,176,184,185,188,189,208,209,222,223,225]}}]
["getDocumentSettings","file:///home/borys/projects/node/lsp-sample/test.km2"]
["onDocumentHighlight",{"position":{"character":2,"line":14},"textDocument":{"uri":"file:///home/borys/projects/node/lsp-sample/test.km2"}}]
["onCompletion",{"context":{"triggerKind":1},"position":{"character":2,"line":14},"textDocument":{"uri":"file:///home/borys/projects/node/lsp-sample/test.km2"}}]
["\tresult:",[{"label":"asm","kind":1,"data":0},{"label":"number","kind":1,"data":1},{"label":"string","kind":1,"data":2},{"label":"const","kind":1,"data":3},{"label":"namespace","kind":1,"data":4},{"label":"nspace","kind":1,"data":5},{"label":"f32","kind":1,"data":6},{"label":"f64","kind":1,"data":7}]]
["did change content",{"document":{"_uri":"file:///home/borys/projects/node/lsp-sample/test.km2","_languageId":"","_version":4,"_content":"fgfgfgfgfgfggggggggggg\nnamespace aaaaa {\n\n\nprintf = (format string, args ...) u32;\n\npow = (a f64, b f64) f64;\n\nprint = (num f64) {\n\tprintf('gogadoda: %f\\n', pow(num, 2.));\n};\n\nfn fgfg\n\nfn \n\nprint(444.);  fgfg\n\nprint2(56.);\n\n}\n","_lineOffsets":[0,23,41,42,43,83,84,110,111,131,172,175,176,184,185,189,190,209,210,223,224,226]}}]
["getDocumentSettings","file:///home/borys/projects/node/lsp-sample/test.km2"]
["onDocumentHighlight",{"position":{"character":3,"line":14},"textDocument":{"uri":"file:///home/borys/projects/node/lsp-sample/test.km2"}}]
["onCompletion",{"context":{"triggerKind":1},"position":{"character":3,"line":14},"textDocument":{"uri":"file:///home/borys/projects/node/lsp-sample/test.km2"}}]
["\tresult:",[{"label":"asm","kind":1,"data":0},{"label":"number","kind":1,"data":1},{"label":"string","kind":1,"data":2},{"label":"const","kind":1,"data":3},{"label":"namespace","kind":1,"data":4},{"label":"nspace","kind":1,"data":5},{"label":"f32","kind":1,"data":6},{"label":"f64","kind":1,"data":7}]]
["SemanticTokensRequest.type",{"textDocument":{"uri":"file:///home/borys/projects/node/lsp-sample/test.km2"}}]
["did change content",{"document":{"_uri":"file:///home/borys/projects/node/lsp-sample/test.km2","_languageId":"","_version":5,"_content":"fgfgfgfgfgfggggggggggg\nnamespace aaaaa {\n\n\nprintf = (format string, args ...) u32;\n\npow = (a f64, b f64) f64;\n\nprint = (num f64) {\n\tprintf('gogadoda: %f\\n', pow(num, 2.));\n};\n\nfn fgfg\n\nfn\n\nprint(444.);  fgfg\n\nprint2(56.);\n\n}\n","_lineOffsets":[0,23,41,42,43,83,84,110,111,131,172,175,176,184,185,188,189,208,209,222,223,225]}}]
["getDocumentSettings","file:///home/borys/projects/node/lsp-sample/test.km2"]
["onDocumentHighlight",{"position":{"character":2,"line":14},"textDocument":{"uri":"file:///home/borys/projects/node/lsp-sample/test.km2"}}]
["SemanticTokensRequest.type",{"textDocument":{"uri":"file:///home/borys/projects/node/lsp-sample/test.km2"}}]
["SemanticTokensRequest.type",{"textDocument":{"uri":"file:///home/borys/projects/node/lsp-sample/test.km2"}}]
["did change content",{"document":{"_uri":"file:///home/borys/projects/node/lsp-sample/test.km2","_languageId":"","_version":15,"_content":"fgfgfgfgfgfggggggggggg\nnamespace aaaaa {\n\n\nprintf = (format string, args ...) u32;\n\npow = (a f64, b f64) f64;\n\nprint = (num f64) {\n\tprintf('gogadoda: %f\\n', pow(num, 2.));\n};\n\nfn fgfg\n\nfn\n\nGOGADOAD\n\nprint(444.);  fgfg\n\nprint2(56.);\n\n}\n","_lineOffsets":[0,23,41,42,43,83,84,110,111,131,172,175,176,184,185,188,189,198,199,218,219,232,233,235]}}]
["getDocumentSettings","file:///home/borys/projects/node/lsp-sample/test.km2"]
["onCompletion",{"context":{"triggerKind":1},"position":{"character":4,"line":16},"textDocument":{"uri":"file:///home/borys/projects/node/lsp-sample/test.km2"}}]
["\tresult:",[{"label":"asm","kind":1,"data":0},{"label":"number","kind":1,"data":1},{"label":"string","kind":1,"data":2},{"label":"const","kind":1,"data":3},{"label":"namespace","kind":1,"data":4},{"label":"nspace","kind":1,"data":5},{"label":"f32","kind":1,"data":6},{"label":"f64","kind":1,"data":7}]]
["onDocumentHighlight",{"position":{"character":8,"line":16},"textDocument":{"uri":"file:///home/borys/projects/node/lsp-sample/test.km2"}}]
["SemanticTokensRequest.type",{"textDocument":{"uri":"file:///home/borys/projects/node/lsp-sample/test.km2"}}]
["did change content",{"document":{"_uri":"file:///home/borys/projects/node/lsp-sample/test.km2","_languageId":"","_version":26,"_content":"fgfgfgfgfgfggggggggggg\nnamespace aaaaa {\n\n\nprintf = (format string, args ...) u32;\n\npow = (a f64, b f64) f64;\n\nprint = (num f64) {\n\tprintf('gogadoda: %f\\n', pow(num, 2.));\n};\n\nfn fgfg\n\nfn\n\nTOL\n\nprint(444.);  fgfg\n\nprint2(56.);\n\n}\n","_lineOffsets":[0,23,41,42,43,83,84,110,111,131,172,175,176,184,185,188,189,193,194,213,214,227,228,230]}}]
["getDocumentSettings","file:///home/borys/projects/node/lsp-sample/test.km2"]
["onDocumentHighlight",{"position":{"character":3,"line":16},"textDocument":{"uri":"file:///home/borys/projects/node/lsp-sample/test.km2"}}]
["SemanticTokensRequest.type",{"textDocument":{"uri":"file:///home/borys/projects/node/lsp-sample/test.km2"}}]
["did change content",{"document":{"_uri":"file:///home/borys/projects/node/lsp-sample/test.km2","_languageId":"","_version":27,"_content":"fgfgfgfgfgfggggggggggg\nnamespace aaaaa {\n\n\nprintf = (format string, args ...) u32;\n\npow = (a f64, b f64) f64;\n\nprint = (num f64) {\n\tprintf('gogadoda: %f\\n', pow(num, 2.));\n};\n\nfn fgfg\n\nfn\n\nTOL;\n\nprint(444.);  fgfg\n\nprint2(56.);\n\n}\n","_lineOffsets":[0,23,41,42,43,83,84,110,111,131,172,175,176,184,185,188,189,194,195,214,215,228,229,231]}}]
["getDocumentSettings","file:///home/borys/projects/node/lsp-sample/test.km2"]
["onDocumentHighlight",{"position":{"character":4,"line":16},"textDocument":{"uri":"file:///home/borys/projects/node/lsp-sample/test.km2"}}]
["SemanticTokensRequest.type",{"textDocument":{"uri":"file:///home/borys/projects/node/lsp-sample/test.km2"}}]
["onDocumentHighlight",{"position":{"character":2,"line":14},"textDocument":{"uri":"file:///home/borys/projects/node/lsp-sample/test.km2"}}]
["onCompletion",{"context":{"triggerKind":1},"position":{"character":2,"line":14},"textDocument":{"uri":"file:///home/borys/projects/node/lsp-sample/test.km2"}}]
["\tresult:",[{"label":"asm","kind":1,"data":0},{"label":"number","kind":1,"data":1},{"label":"string","kind":1,"data":2},{"label":"const","kind":1,"data":3},{"label":"namespace","kind":1,"data":4},{"label":"nspace","kind":1,"data":5},{"label":"f32","kind":1,"data":6},{"label":"f64","kind":1,"data":7}]]
["onCompletion",{"context":{"triggerKind":1},"position":{"character":2,"line":14},"textDocument":{"uri":"file:///home/borys/projects/node/lsp-sample/test.km2"}}]
["\tresult:",[{"label":"asm","kind":1,"data":0},{"label":"number","kind":1,"data":1},{"label":"string","kind":1,"data":2},{"label":"const","kind":1,"data":3},{"label":"namespace","kind":1,"data":4},{"label":"nspace","kind":1,"data":5},{"label":"f32","kind":1,"data":6},{"label":"f64","kind":1,"data":7}]]
["onCompletion",{"context":{"triggerKind":1},"position":{"character":2,"line":14},"textDocument":{"uri":"file:///home/borys/projects/node/lsp-sample/test.km2"}}]
["\tresult:",[{"label":"asm","kind":1,"data":0},{"label":"number","kind":1,"data":1},{"label":"string","kind":1,"data":2},{"label":"const","kind":1,"data":3},{"label":"namespace","kind":1,"data":4},{"label":"nspace","kind":1,"data":5},{"label":"f32","kind":1,"data":6},{"label":"f64","kind":1,"data":7}]]
["onCompletion",{"context":{"triggerKind":1},"position":{"character":4,"line":16},"textDocument":{"uri":"file:///home/borys/projects/node/lsp-sample/test.km2"}}]
["\tresult:",[{"label":"asm","kind":1,"data":0},{"label":"number","kind":1,"data":1},{"label":"string","kind":1,"data":2},{"label":"const","kind":1,"data":3},{"label":"namespace","kind":1,"data":4},{"label":"nspace","kind":1,"data":5},{"label":"f32","kind":1,"data":6},{"label":"f64","kind":1,"data":7}]]
["onDocumentHighlight",{"position":{"character":4,"line":16},"textDocument":{"uri":"file:///home/borys/projects/node/lsp-sample/test.km2"}}]
["onCompletion",{"context":{"triggerKind":1},"position":{"character":0,"line":17},"textDocument":{"uri":"file:///home/borys/projects/node/lsp-sample/test.km2"}}]
["\tresult:",[{"label":"asm","kind":1,"data":0},{"label":"number","kind":1,"data":1},{"label":"string","kind":1,"data":2},{"label":"const","kind":1,"data":3},{"label":"namespace","kind":1,"data":4},{"label":"nspace","kind":1,"data":5},{"label":"f32","kind":1,"data":6},{"label":"f64","kind":1,"data":7}]]
["onDocumentHighlight",{"position":{"character":0,"line":17},"textDocument":{"uri":"file:///home/borys/projects/node/lsp-sample/test.km2"}}]
["onCompletion",{"context":{"triggerKind":1},"position":{"character":0,"line":18},"textDocument":{"uri":"file:///home/borys/projects/node/lsp-sample/test.km2"}}]
["\tresult:",[{"label":"asm","kind":1,"data":0},{"label":"number","kind":1,"data":1},{"label":"string","kind":1,"data":2},{"label":"const","kind":1,"data":3},{"label":"namespace","kind":1,"data":4},{"label":"nspace","kind":1,"data":5},{"label":"f32","kind":1,"data":6},{"label":"f64","kind":1,"data":7}]]
["onDocumentHighlight",{"position":{"character":0,"line":18},"textDocument":{"uri":"file:///home/borys/projects/node/lsp-sample/test.km2"}}]
["onDocumentHighlight",{"position":{"character":0,"line":17},"textDocument":{"uri":"file:///home/borys/projects/node/lsp-sample/test.km2"}}]
["onDocumentHighlight",{"position":{"character":0,"line":19},"textDocument":{"uri":"file:///home/borys/projects/node/lsp-sample/test.km2"}}]
["onCompletion",{"context":{"triggerKind":1},"position":{"character":18,"line":18},"textDocument":{"uri":"file:///home/borys/projects/node/lsp-sample/test.km2"}}]
["\tresult:",[{"label":"asm","kind":1,"data":0},{"label":"number","kind":1,"data":1},{"label":"string","kind":1,"data":2},{"label":"const","kind":1,"data":3},{"label":"namespace","kind":1,"data":4},{"label":"nspace","kind":1,"data":5},{"label":"f32","kind":1,"data":6},{"label":"f64","kind":1,"data":7}]]
["onDocumentHighlight",{"position":{"character":18,"line":18},"textDocument":{"uri":"file:///home/borys/projects/node/lsp-sample/test.km2"}}]
["onCompletion",{"context":{"triggerKind":1},"position":{"character":12,"line":20},"textDocument":{"uri":"file:///home/borys/projects/node/lsp-sample/test.km2"}}]
["\tresult:",[{"label":"asm","kind":1,"data":0},{"label":"number","kind":1,"data":1},{"label":"string","kind":1,"data":2},{"label":"const","kind":1,"data":3},{"label":"namespace","kind":1,"data":4},{"label":"nspace","kind":1,"data":5},{"label":"f32","kind":1,"data":6},{"label":"f64","kind":1,"data":7}]]
["onDocumentHighlight",{"position":{"character":12,"line":20},"textDocument":{"uri":"file:///home/borys/projects/node/lsp-sample/test.km2"}}]
["Start"]
["onInitialize",{"capabilities":{"textDocument":{"codeAction":{"codeActionLiteralSupport":{"codeActionKind":{"valueSet":["*"]}}},"completion":{"completionItem":{"commitCharacterSupport":true,"snippetSupport":true},"completionItemKind":{"valueSet":[1,2,3,4,5,6,7,8,9,10,11,12,13,14,15,16,17,18,19,20,21,22,23,24,25]},"dynamicRegistration":true},"definition":{"dynamicRegistration":true},"documentHighlight":{"dynamicRegistration":true},"documentSymbol":{"hierarchicalDocumentSymbolSupport":true,"symbolKind":{"valueSet":[1,2,3,4,5,6,7,8,9,10,11,12,13,14,15,16,17,18,19,20,21,22,23,24,25,26]}},"formatting":{"dynamicRegistration":true},"hover":{"contentFormat":["markdown","plaintext"],"dynamicRegistration":true},"implementation":{"dynamicRegistration":true},"onTypeFormatting":{"dynamicRegistration":true},"rangeFormatting":{"dynamicRegistration":true},"references":{"dynamicRegistration":true},"rename":{"dynamicRegistration":true,"prepareSupport":true},"semanticHighlightingCapabilities":{"semanticHighlighting":true},"semanticTokens":{"dynamicRegistration":true,"formats":["relative"],"requests":{"full":{"delta":true}},"tokenModifiers":["declaration","definition"],"tokenTypes":["type","class","enumMember","typeParameter","parameter","variable","function","macro","keyword","comment","string","number","operator"]},"signatureHelp":{"dynamicRegistration":true,"signatureInformation":{"activeParameterSupport":true,"documentationFormat":["markdown","plaintext"]}},"synchronization":{"didSave":true,"dynamicRegistration":true,"willSave":true,"willSaveWaitUntil":false},"typeDefinition":{"dynamicRegistration":true}},"window":{"workDoneProgress":true},"workspace":{"applyEdit":true,"configuration":true,"didChangeConfiguration":{"dynamicRegistration":true},"executeCommand":{"dynamicRegistration":true},"semanticTokens":{"refreshSupport":true},"workspaceFolders":true}},"initializationOptions":{},"processId":2851,"rootUri":null,"trace":"off"}]
["onInitialized",{}]
["did change content",{"document":{"_uri":"file:///home/borys/projects/node/lsp-sample/test.km2","_languageId":"","_version":0,"_content":"fgfgfgfgfgfggggggggggg\nnamespace aaaaa {\n\n\nprintf = (format string, args ...) u32;\n\npow = (a f64, b f64) f64;\n\nprint = (num f64) {\n\tprintf('gogadoda: %f\\n', pow(num, 2.));\n};\n\nfn fgfg\n\nfn\n\nTOL;\n\nprint(444.);  fgfg\n\nprint2(56.);\n\n}\n"}}]
["getDocumentSettings","file:///home/borys/projects/node/lsp-sample/test.km2"]
["SemanticTokensRequest.type",{"textDocument":{"uri":"file:///home/borys/projects/node/lsp-sample/test.km2"}}]
["onDocumentHighlight",{"position":{"character":0,"line":0},"textDocument":{"uri":"file:///home/borys/projects/node/lsp-sample/test.km2"}}]
["onDidClose",{"document":{"_uri":"file:///home/borys/projects/node/lsp-sample/test.km2","_languageId":"","_version":0,"_content":"fgfgfgfgfgfggggggggggg\nnamespace aaaaa {\n\n\nprintf = (format string, args ...) u32;\n\npow = (a f64, b f64) f64;\n\nprint = (num f64) {\n\tprintf('gogadoda: %f\\n', pow(num, 2.));\n};\n\nfn fgfg\n\nfn\n\nTOL;\n\nprint(444.);  fgfg\n\nprint2(56.);\n\n}\n"}}]
